Build started 12/1/2010 3:10:24 PM.
     1>Project "C:\Users\henry\Documents\Visual Studio 2010\Projects\NLtest\RakNetServer\RakNetServer.vcxproj" on node 3 (build target(s)).
     1>InitializeBuildStatus:
         Creating "Debug\RakNetServer.unsuccessfulbuild" because "AlwaysCreate" was specified.
       ClCompile:
         C:\Program Files (x86)\Microsoft Visual Studio 10.0\VC\bin\CL.exe /c /I..\RakNetHeaders /ZI /nologo /W3 /WX- /Od /Oy- /D WIN32 /D _DEBUG /D _CONSOLE /Gm /EHsc /RTC1 /MDd /GS /fp:precise /Zc:wchar_t /Zc:forScope /Fo"Debug\\" /Fd"Debug\vc100.pdb" /Gd /TP /analyze- /errorReport:prompt RakNetServer.cpp
         RakNetServer.cpp
       ManifestResourceCompile:
         All outputs are up-to-date.
       Link:
         C:\Program Files (x86)\Microsoft Visual Studio 10.0\VC\bin\link.exe /ERRORREPORT:PROMPT /OUT:"C:\Users\henry\Documents\Visual Studio 2010\Projects\NLtest\Debug\RakNetServer.exe" /INCREMENTAL /NOLOGO kernel32.lib user32.lib gdi32.lib winspool.lib comdlg32.lib advapi32.lib shell32.lib ole32.lib oleaut32.lib uuid.lib odbc32.lib odbccp32.lib kernel32.lib user32.lib gdi32.lib winspool.lib comdlg32.lib advapi32.lib shell32.lib ole32.lib oleaut32.lib uuid.lib odbc32.lib odbccp32.lib ws2_32.lib RakNetLibStaticDebug.lib /MANIFEST /ManifestFile:"Debug\RakNetServer.exe.intermediate.manifest" /MANIFESTUAC:"level='asInvoker' uiAccess='false'" /DEBUG /PDB:"C:\Users\henry\Documents\Visual Studio 2010\Projects\NLtest\Debug\RakNetServer.pdb" /SUBSYSTEM:CONSOLE /TLBID:1 /DYNAMICBASE /NXCOMPAT /IMPLIB:"C:\Users\henry\Documents\Visual Studio 2010\Projects\NLtest\Debug\RakNetServer.lib" /MACHINE:X86 Debug\RakNetServer.exe.embed.manifest.res
         Debug\RakNetServer.obj
         Debug\stdafx.obj
       Manifest:
         C:\Program Files (x86)\Microsoft SDKs\Windows\v7.0A\bin\mt.exe /nologo /verbose /out:"Debug\RakNetServer.exe.embed.manifest" /manifest Debug\RakNetServer.exe.intermediate.manifest
         All outputs are up-to-date.
       LinkEmbedManifest:
         All outputs are up-to-date.
         RakNetServer.vcxproj -> C:\Users\henry\Documents\Visual Studio 2010\Projects\NLtest\Debug\RakNetServer.exe
       FinalizeBuildStatus:
         Deleting file "Debug\RakNetServer.unsuccessfulbuild".
         Touching "Debug\RakNetServer.lastbuildstate".
     1>Done Building Project "C:\Users\henry\Documents\Visual Studio 2010\Projects\NLtest\RakNetServer\RakNetServer.vcxproj" (build target(s)).

Build succeeded.

Time Elapsed 00:00:01.28
