Build started 12/19/2010 1:02:32 PM.
     1>Project "Y:\Projects\NLtest\GLTrace23a2\GLTrace2.vcxproj" on node 2 (build target(s)).
     1>InitializeBuildStatus:
         Creating ".\Debug\GLTrace2.unsuccessfulbuild" because "AlwaysCreate" was specified.
       ClCompile:
         All outputs are up-to-date.
       ManifestResourceCompile:
         All outputs are up-to-date.
     1>C:\Program Files (x86)\MSBuild\Microsoft.Cpp\v4.0\Microsoft.CppBuild.targets(990,5): warning MSB8012: TargetPath(Y:\Projects\NLtest\GLTrace23a2\.\Debug\GLTrace2.dll) does not match the Linker's OutputFile property value (Y:\Projects\NLtest\GLTrace23a2\Debug\opengl32.dll). This may cause your project to build incorrectly. To correct this, please make sure that $(OutDir), $(TargetName) and $(TargetExt) property values match the value specified in %(Link.OutputFile).
     1>C:\Program Files (x86)\MSBuild\Microsoft.Cpp\v4.0\Microsoft.CppBuild.targets(992,5): warning MSB8012: TargetName(GLTrace2) does not match the Linker's OutputFile property value (opengl32). This may cause your project to build incorrectly. To correct this, please make sure that $(OutDir), $(TargetName) and $(TargetExt) property values match the value specified in %(Link.OutputFile).
       Link:
         All outputs are up-to-date.
       Manifest:
         All outputs are up-to-date.
       FinalizeBuildStatus:
         Deleting file ".\Debug\GLTrace2.unsuccessfulbuild".
         Touching ".\Debug\GLTrace2.lastbuildstate".
     1>Done Building Project "Y:\Projects\NLtest\GLTrace23a2\GLTrace2.vcxproj" (build target(s)).

Build succeeded.

Time Elapsed 00:00:00.77
