.\Debug\GLTrace2.pdb
Y:\Projects\NLtest\GLTraceNew\.\Debug\GLTrace2.dll.intermediate.manifest
Y:\Projects\NLtest\GLTraceNew\Debug\cl.command.1.tlog
Y:\Projects\NLtest\GLTraceNew\Debug\CL.read.1.tlog
Y:\Projects\NLtest\GLTraceNew\Debug\CL.write.1.tlog
Y:\PROJECTS\NLTEST\GLTRACENEW\DEBUG\DLL.OBJ
Y:\PROJECTS\NLTEST\GLTRACENEW\DEBUG\FONT.OBJ
Y:\PROJECTS\NLTEST\GLTRACENEW\DEBUG\GLTRACE.OBJ
Y:\PROJECTS\NLTEST\GLTRACENEW\DEBUG\GLTRACE2.DLL.EMBED.MANIFEST
Y:\PROJECTS\NLTEST\GLTRACENEW\DEBUG\GLTRACE2.DLL.EMBED.MANIFEST.RES
Y:\PROJECTS\NLTEST\GLTRACENEW\DEBUG\GLTRACE2.DLL.INTERMEDIATE.MANIFEST
Y:\PROJECTS\NLTEST\GLTRACENEW\DEBUG\GLTRACE2.PDB
Y:\Projects\NLtest\GLTraceNew\Debug\GLTrace2.write.1.tlog
Y:\Projects\NLtest\GLTraceNew\Debug\GLTrace2_manifest.rc
Y:\PROJECTS\NLTEST\GLTRACENEW\DEBUG\GLWRAPPER.OBJ
Y:\PROJECTS\NLTEST\GLTRACENEW\DEBUG\INPUT.OBJ
Y:\Projects\NLtest\GLTraceNew\Debug\link.39840.read.1.tlog
Y:\Projects\NLtest\GLTraceNew\Debug\link.39840.write.1.tlog
Y:\Projects\NLtest\GLTraceNew\Debug\link.39840-cvtres.read.1.tlog
Y:\Projects\NLtest\GLTraceNew\Debug\link.39840-cvtres.write.1.tlog
Y:\Projects\NLtest\GLTraceNew\Debug\link.55468.read.1.tlog
Y:\Projects\NLtest\GLTraceNew\Debug\link.55468.write.1.tlog
Y:\Projects\NLtest\GLTraceNew\Debug\link.55468-cvtres.read.1.tlog
Y:\Projects\NLtest\GLTraceNew\Debug\link.55468-cvtres.write.1.tlog
Y:\Projects\NLtest\GLTraceNew\Debug\link.57944.read.1.tlog
Y:\Projects\NLtest\GLTraceNew\Debug\link.57944.write.1.tlog
Y:\Projects\NLtest\GLTraceNew\Debug\link.57944-cvtres.read.1.tlog
Y:\Projects\NLtest\GLTraceNew\Debug\link.57944-cvtres.write.1.tlog
Y:\Projects\NLtest\GLTraceNew\Debug\link.command.1.tlog
Y:\Projects\NLtest\GLTraceNew\Debug\link.read.1.tlog
Y:\Projects\NLtest\GLTraceNew\Debug\link.write.1.tlog
Y:\Projects\NLtest\GLTraceNew\Debug\link-cvtres.read.1.tlog
Y:\Projects\NLtest\GLTraceNew\Debug\link-cvtres.write.1.tlog
Y:\PROJECTS\NLTEST\GLTRACENEW\DEBUG\LOG.OBJ
Y:\Projects\NLtest\GLTraceNew\Debug\mt.command.1.tlog
Y:\Projects\NLtest\GLTraceNew\Debug\mt.read.1.tlog
Y:\Projects\NLtest\GLTraceNew\Debug\mt.write.1.tlog
Y:\PROJECTS\NLTEST\GLTRACENEW\DEBUG\OPENGL32.DLL
Y:\Projects\NLtest\GLTraceNew\Debug\opengl32.exp
Y:\PROJECTS\NLTEST\GLTRACENEW\DEBUG\OPENGL32.ILK
Y:\Projects\NLtest\GLTraceNew\Debug\opengl32.lib
Y:\Projects\NLtest\GLTraceNew\Debug\rc.command.1.tlog
Y:\Projects\NLtest\GLTraceNew\Debug\rc.read.1.tlog
Y:\Projects\NLtest\GLTraceNew\Debug\rc.write.1.tlog
Y:\Projects\NLtest\GLTraceNew\Debug\vc100.idb
Y:\PROJECTS\NLTEST\GLTRACENEW\DEBUG\VC100.PDB
