Build started 1/5/2002 12:02:00 AM.
     1>Project "Y:\Projects\GLClone\Client\GLTrace2.vcxproj" on node 2 (build target(s)).
     1>InitializeBuildStatus:
         Creating ".\Debug\GLTrace2.unsuccessfulbuild" because "AlwaysCreate" was specified.
       ClCompile:
         C:\Program Files (x86)\Microsoft Visual Studio 10.0\VC\bin\CL.exe /c /ZI /nologo /W4 /WX- /Od /Oy- /D WIN32 /D _DEBUG /D _WINDOWS /D _VC80_UPGRADE=0x0600 /D _WINDLL /Gm /EHsc /MTd /GS /Gy- /fp:precise /Zc:wchar_t /Zc:forScope /Fo".\Debug\\" /Fd".\Debug\vc100.pdb" /Gd /TP /analyze- /errorReport:prompt glwrapper.cpp
         glwrapper.cpp
     1>y:\projects\glclone\client\glwrapper.cpp(121): warning C4996: 'vsprintf': This function or variable may be unsafe. Consider using vsprintf_s instead. To disable deprecation, use _CRT_SECURE_NO_WARNINGS. See online help for details.
                 c:\program files (x86)\microsoft visual studio 10.0\vc\include\stdio.h(371) : see declaration of 'vsprintf'
     1>y:\projects\glclone\client\glwrapper.cpp(4349): warning C4189: 'p' : local variable is initialized but not referenced
     1>y:\projects\glclone\client\glwrapper.cpp(4602): warning C4189: 'sBytes' : local variable is initialized but not referenced
     1>y:\projects\glclone\client\glwrapper.cpp(4602): warning C4101: 'nBytes' : unreferenced local variable
     1>y:\projects\glclone\client\glwrapper.cpp(4602): warning C4101: 'i' : unreferenced local variable
     1>y:\projects\glclone\client\glwrapper.cpp(4603): warning C4189: 'ptr' : local variable is initialized but not referenced
     1>y:\projects\glclone\client\glwrapper.cpp(4602): warning C4101: 'typeModifier' : unreferenced local variable
     1>y:\projects\glclone\client\glwrapper.cpp(4602): warning C4101: 'tBytes' : unreferenced local variable
     1>y:\projects\glclone\client\glwrapper.cpp(4794): warning C4189: 'sBytes' : local variable is initialized but not referenced
     1>y:\projects\glclone\client\glwrapper.cpp(4794): warning C4101: 'nBytes' : unreferenced local variable
     1>y:\projects\glclone\client\glwrapper.cpp(4794): warning C4101: 'i' : unreferenced local variable
     1>y:\projects\glclone\client\glwrapper.cpp(4795): warning C4189: 'ptr' : local variable is initialized but not referenced
     1>y:\projects\glclone\client\glwrapper.cpp(4794): warning C4101: 'typeModifier' : unreferenced local variable
     1>y:\projects\glclone\client\glwrapper.cpp(4794): warning C4101: 'tBytes' : unreferenced local variable
       ManifestResourceCompile:
         All outputs are up-to-date.
     1>C:\Program Files (x86)\MSBuild\Microsoft.Cpp\v4.0\Microsoft.CppBuild.targets(990,5): warning MSB8012: TargetPath(Y:\Projects\GLClone\Client\.\Debug\GLTrace2.dll) does not match the Linker's OutputFile property value (Y:\Projects\GLClone\Client\Debug\opengl32.dll). This may cause your project to build incorrectly. To correct this, please make sure that $(OutDir), $(TargetName) and $(TargetExt) property values match the value specified in %(Link.OutputFile).
     1>C:\Program Files (x86)\MSBuild\Microsoft.Cpp\v4.0\Microsoft.CppBuild.targets(992,5): warning MSB8012: TargetName(GLTrace2) does not match the Linker's OutputFile property value (opengl32). This may cause your project to build incorrectly. To correct this, please make sure that $(OutDir), $(TargetName) and $(TargetExt) property values match the value specified in %(Link.OutputFile).
       Link:
         C:\Program Files (x86)\Microsoft Visual Studio 10.0\VC\bin\link.exe /ERRORREPORT:PROMPT /OUT:"Debug/opengl32.dll" /INCREMENTAL /NOLOGO winmm.lib odbc32.lib odbccp32.lib kernel32.lib user32.lib gdi32.lib winspool.lib comdlg32.lib advapi32.lib shell32.lib ole32.lib oleaut32.lib uuid.lib odbc32.lib odbccp32.lib udt.lib Ws2_32.lib /DEF:".\gltrace.def" /MANIFEST /ManifestFile:".\Debug\GLTrace2.dll.intermediate.manifest" /MANIFESTUAC:"level='asInvoker' uiAccess='false'" /DEBUG /PDB:"Y:\Projects\GLClone\Client\Debug\GLTrace2.pdb" /SUBSYSTEM:WINDOWS /TLBID:1 /DYNAMICBASE /NXCOMPAT /IMPLIB:".\Debug\opengl32.lib" /MACHINE:X86 /DLL .\Debug\GLTrace2.dll.embed.manifest.res
         .\Debug\dll.obj
         .\Debug\font.obj
         .\Debug\gltrace.obj
         .\Debug\glwrapper.obj
         .\Debug\input.obj
         .\Debug\log.obj
            Creating library .\Debug\opengl32.lib and object .\Debug\opengl32.exp
       Manifest:
         C:\Program Files (x86)\Microsoft SDKs\Windows\v7.0A\bin\mt.exe /nologo /verbose /out:".\Debug\GLTrace2.dll.embed.manifest" /manifest .\Debug\GLTrace2.dll.intermediate.manifest
         All outputs are up-to-date.
       LinkEmbedManifest:
         C:\Program Files (x86)\Microsoft Visual Studio 10.0\VC\bin\link.exe /ERRORREPORT:PROMPT /OUT:"Debug/opengl32.dll" /INCREMENTAL /NOLOGO winmm.lib odbc32.lib odbccp32.lib kernel32.lib user32.lib gdi32.lib winspool.lib comdlg32.lib advapi32.lib shell32.lib ole32.lib oleaut32.lib uuid.lib odbc32.lib odbccp32.lib udt.lib Ws2_32.lib /DEF:".\gltrace.def" /MANIFEST /ManifestFile:".\Debug\GLTrace2.dll.intermediate.manifest" /MANIFESTUAC:"level='asInvoker' uiAccess='false'" /DEBUG /PDB:"Y:\Projects\GLClone\Client\Debug\GLTrace2.pdb" /SUBSYSTEM:WINDOWS /TLBID:1 /DYNAMICBASE /NXCOMPAT /IMPLIB:".\Debug\opengl32.lib" /MACHINE:X86 /DLL .\Debug\GLTrace2.dll.embed.manifest.res
         .\Debug\dll.obj
         .\Debug\font.obj
         .\Debug\gltrace.obj
         .\Debug\glwrapper.obj
         .\Debug\input.obj
         .\Debug\log.obj
         GLTrace2.vcxproj -> Y:\Projects\GLClone\Client\.\Debug\GLTrace2.dll
       FinalizeBuildStatus:
         Deleting file ".\Debug\GLTrace2.unsuccessfulbuild".
         Touching ".\Debug\GLTrace2.lastbuildstate".
     1>Done Building Project "Y:\Projects\GLClone\Client\GLTrace2.vcxproj" (build target(s)).

Build succeeded.

Time Elapsed 00:00:03.90
