Build started 12/2/2010 9:05:18 PM.
     1>Project "C:\Users\henry\Documents\Visual Studio 2010\Projects\NLtest\raknet\Samples\Chat Example\Chat Example Server.vcxproj" on node 2 (build target(s)).
     1>InitializeBuildStatus:
         Creating "Debug\Chat Example Server.unsuccessfulbuild" because "AlwaysCreate" was specified.
       ClCompile:
         C:\Program Files (x86)\Microsoft Visual Studio 10.0\VC\bin\CL.exe /c /I./../../Source /ZI /nologo /W3 /WX- /Od /Oy- /D WIN32 /D _DEBUG /D _CONSOLE /D _MBCS /Gm /EHsc /RTC1 /MTd /GS /fp:precise /Zc:wchar_t /Zc:forScope /Fo"Debug\\" /Fd"Debug\vc100.pdb" /Gd /TP /analyze- /errorReport:prompt "Chat Example Server.cpp"
         Chat Example Server.cpp
     1>c:\users\henry\documents\visual studio 2010\projects\nltest\raknet\samples\chat example\chat example server.cpp(69): warning C4996: 'strcpy': This function or variable may be unsafe. Consider using strcpy_s instead. To disable deprecation, use _CRT_SECURE_NO_WARNINGS. See online help for details.
                 c:\program files (x86)\microsoft visual studio 10.0\vc\include\string.h(105) : see declaration of 'strcpy'
     1>c:\users\henry\documents\visual studio 2010\projects\nltest\raknet\samples\chat example\chat example server.cpp(109): warning C4996: 'kbhit': The POSIX name for this item is deprecated. Instead, use the ISO C++ conformant name: _kbhit. See online help for details.
                 c:\program files (x86)\microsoft visual studio 10.0\vc\include\conio.h(130) : see declaration of 'kbhit'
     1>c:\users\henry\documents\visual studio 2010\projects\nltest\raknet\samples\chat example\chat example server.cpp(175): warning C4996: 'strcpy': This function or variable may be unsafe. Consider using strcpy_s instead. To disable deprecation, use _CRT_SECURE_NO_WARNINGS. See online help for details.
                 c:\program files (x86)\microsoft visual studio 10.0\vc\include\string.h(105) : see declaration of 'strcpy'
     1>c:\users\henry\documents\visual studio 2010\projects\nltest\raknet\samples\chat example\chat example server.cpp(176): warning C4996: 'strcat': This function or variable may be unsafe. Consider using strcat_s instead. To disable deprecation, use _CRT_SECURE_NO_WARNINGS. See online help for details.
                 c:\program files (x86)\microsoft visual studio 10.0\vc\include\string.h(110) : see declaration of 'strcat'
     1>c:\users\henry\documents\visual studio 2010\projects\nltest\raknet\samples\chat example\chat example server.cpp(230): warning C4996: 'sprintf': This function or variable may be unsafe. Consider using sprintf_s instead. To disable deprecation, use _CRT_SECURE_NO_WARNINGS. See online help for details.
                 c:\program files (x86)\microsoft visual studio 10.0\vc\include\stdio.h(371) : see declaration of 'sprintf'
       ManifestResourceCompile:
         All outputs are up-to-date.
       Link:
         C:\Program Files (x86)\Microsoft Visual Studio 10.0\VC\bin\link.exe /ERRORREPORT:PROMPT /OUT:"Debug\Chat Example Server.exe" /INCREMENTAL /NOLOGO ./../../lib/RakNetLibStaticDebug.lib ws2_32.lib kernel32.lib user32.lib gdi32.lib winspool.lib comdlg32.lib advapi32.lib shell32.lib ole32.lib oleaut32.lib uuid.lib odbc32.lib odbccp32.lib /MANIFEST /ManifestFile:"Debug\Chat Example Server.exe.intermediate.manifest" /MANIFESTUAC:"level='asInvoker' uiAccess='false'" /DEBUG /PDB:"Debug\Chat Example Server.pdb" /SUBSYSTEM:CONSOLE /TLBID:1 /DYNAMICBASE /NXCOMPAT /IMPLIB:"Debug\Chat Example Server.lib" /MACHINE:X86 "Debug\Chat Example Server.exe.embed.manifest.res"
         "Debug\Chat Example Server.obj"
       Manifest:
         C:\Program Files (x86)\Microsoft SDKs\Windows\v7.0A\bin\mt.exe /nologo /verbose /out:"Debug\Chat Example Server.exe.embed.manifest" /manifest "Debug\Chat Example Server.exe.intermediate.manifest"
         All outputs are up-to-date.
       LinkEmbedManifest:
         All outputs are up-to-date.
         Chat Example Server.vcxproj -> C:\Users\henry\Documents\Visual Studio 2010\Projects\NLtest\raknet\Samples\Chat Example\Debug\Chat Example Server.exe
       FinalizeBuildStatus:
         Deleting file "Debug\Chat Example Server.unsuccessfulbuild".
         Touching "Debug\Chat Example Server.lastbuildstate".
     1>Done Building Project "C:\Users\henry\Documents\Visual Studio 2010\Projects\NLtest\raknet\Samples\Chat Example\Chat Example Server.vcxproj" (build target(s)).

Build succeeded.

Time Elapsed 00:00:00.99
